=== Next.js PM2 Service Started at Thu Jul 17 20:53:16 UTC 2025 ===
2025-07-17T20:53:18:    ▲ Next.js 15.3.3 (Turbopack)
2025-07-17T20:53:18:    - Local:        http://localhost:3000
2025-07-17T20:53:18:    - Network:      http://169.254.0.21:3000
2025-07-17T20:53:18: 
2025-07-17T20:53:18:  ✓ Starting...
2025-07-17T20:53:18:  ⚠ Invalid next.config.js options detected: 
2025-07-17T20:53:18:  ⚠     Unrecognized key(s) in object: 'turbotrace' at "experimental"
2025-07-17T20:53:18:  ⚠ See more info here: https://nextjs.org/docs/messages/invalid-next-config
2025-07-17T20:53:18: Attention: Next.js now collects completely anonymous telemetry regarding usage.
2025-07-17T20:53:18: This information is used to shape Next.js' roadmap and prioritize features.
2025-07-17T20:53:18: You can learn more, including how to opt-out if you'd not like to participate in this anonymous program, by visiting the following URL:
2025-07-17T20:53:18: https://nextjs.org/telemetry
2025-07-17T20:53:18: 
2025-07-17T20:53:19: 
2025-07-17T20:53:19:    We detected TypeScript in your project and reconfigured your tsconfig.json file for you.
2025-07-17T20:53:19:    The following suggested values were added to your tsconfig.json. These values can be changed to fit your project's needs:
2025-07-17T20:53:19: 
2025-07-17T20:53:19:    	- include was updated to add '.next-dev/types/**/*.ts'
2025-07-17T20:53:19: 
2025-07-17T20:53:20:  ✓ Ready in 1768ms
2025-07-17T20:53:20:  ⚠ Webpack is configured while Turbopack is not, which may cause problems.
2025-07-17T20:53:20:  ⚠ See instructions if you need to configure Turbopack:
2025-07-17T20:53:20:   https://nextjs.org/docs/app/api-reference/next-config-js/turbo
2025-07-17T20:53:20: 
2025-07-17T20:53:21:  ○ Compiling / ...
2025-07-17T20:53:27:  ✓ Compiled / in 5.9s
2025-07-17T20:53:28:  GET / 200 in 7250ms
2025-07-20T10:10:51:  ⚠ Found a change in next.config.js. Restarting the server to apply the changes...
2025-07-20T10:10:55:    ▲ Next.js 15.3.3 (Turbopack)
2025-07-20T10:10:55:    - Local:        http://localhost:3000
2025-07-20T10:10:55:    - Network:      http://169.254.0.21:3000
2025-07-20T10:10:55: 
2025-07-20T10:10:55:  ✓ Starting...
2025-07-20T10:10:55:  ⚠ Invalid next.config.js options detected: 
2025-07-20T10:10:55:  ⚠     Unrecognized key(s) in object: 'turbotrace' at "experimental"
2025-07-20T10:10:55:  ⚠ See more info here: https://nextjs.org/docs/messages/invalid-next-config
2025-07-20T10:10:58:  ✓ Ready in 2.9s
2025-07-20T10:10:58:  ⚠ Webpack is configured while Turbopack is not, which may cause problems.
2025-07-20T10:10:58:  ⚠ See instructions if you need to configure Turbopack:
2025-07-20T10:10:58:   https://nextjs.org/docs/app/api-reference/next-config-js/turbo
2025-07-20T10:10:58: 
2025-07-20T10:11:23:  ⚠ Found a change in next.config.js. Restarting the server to apply the changes...
2025-07-20T10:11:23:    ▲ Next.js 15.3.3 (Turbopack)
2025-07-20T10:11:23:    - Local:        http://localhost:3000
2025-07-20T10:11:23:    - Network:      http://169.254.0.21:3000
2025-07-20T10:11:23: 
2025-07-20T10:11:23:  ✓ Starting...
2025-07-20T10:11:24:  ⚠ Invalid next.config.js options detected: 
2025-07-20T10:11:24:  ⚠     Unrecognized key(s) in object: 'turbotrace' at "experimental"
2025-07-20T10:11:24:  ⚠ See more info here: https://nextjs.org/docs/messages/invalid-next-config
2025-07-20T10:11:25:  ✓ Ready in 1561ms
2025-07-20T10:11:25:  ⚠ Webpack is configured while Turbopack is not, which may cause problems.
2025-07-20T10:11:25:  ⚠ See instructions if you need to configure Turbopack:
2025-07-20T10:11:25:   https://nextjs.org/docs/app/api-reference/next-config-js/turbo
2025-07-20T10:11:25: 
2025-07-20T10:11:42:  ⚠ Found a change in next.config.js. Restarting the server to apply the changes...
2025-07-20T10:11:43:    ▲ Next.js 15.3.3 (Turbopack)
2025-07-20T10:11:43:    - Local:        http://localhost:3000
2025-07-20T10:11:43:    - Network:      http://169.254.0.21:3000
2025-07-20T10:11:43: 
2025-07-20T10:11:43:  ✓ Starting...
2025-07-20T10:11:43:  ⚠ Invalid next.config.js options detected: 
2025-07-20T10:11:43:  ⚠     Unrecognized key(s) in object: 'turbotrace' at "experimental"
2025-07-20T10:11:43:  ⚠ See more info here: https://nextjs.org/docs/messages/invalid-next-config
2025-07-20T10:11:44:  ✓ Ready in 1511ms
2025-07-20T10:11:44:  ⚠ Webpack is configured while Turbopack is not, which may cause problems.
2025-07-20T10:11:44:  ⚠ See instructions if you need to configure Turbopack:
2025-07-20T10:11:44:   https://nextjs.org/docs/app/api-reference/next-config-js/turbo
2025-07-20T10:11:44: 
2025-07-20T10:11:56:  ○ Compiling / ...
2025-07-20T10:12:10:  ✓ Compiled / in 14.4s
2025-07-20T10:12:11:  GET / 200 in 14908ms
2025-07-20T10:12:17:  ⚠ Cross origin request detected from 3000-i1wjnnqwde8scgw9jedhk-6532622b.e2b.app to /_next/* resource. In a future major version of Next.js, you will need to explicitly configure "allowedDevOrigins" in next.config to allow this.
2025-07-20T10:12:17: Read more: https://nextjs.org/docs/app/api-reference/config/next-config-js/allowedDevOrigins
2025-07-20T10:14:58:  ✓ Compiled in 57.2s
2025-07-20T10:17:05:    ▲ Next.js 15.3.3 (Turbopack)
2025-07-20T10:17:05:    - Local:        http://localhost:3000
2025-07-20T10:17:05:    - Network:      http://169.254.0.21:3000
2025-07-20T10:17:05: 
2025-07-20T10:17:05:  ✓ Starting...
2025-07-20T10:17:05:  ⚠ Invalid next.config.js options detected: 
2025-07-20T10:17:05:  ⚠     Unrecognized key(s) in object: 'turbotrace' at "experimental"
2025-07-20T10:17:05:  ⚠ See more info here: https://nextjs.org/docs/messages/invalid-next-config
2025-07-20T10:17:07:  ✓ Ready in 2.3s
2025-07-20T10:17:07:  ⚠ Webpack is configured while Turbopack is not, which may cause problems.
2025-07-20T10:17:07:  ⚠ See instructions if you need to configure Turbopack:
2025-07-20T10:17:07:   https://nextjs.org/docs/app/api-reference/next-config-js/turbo
2025-07-20T10:17:07: 
2025-07-20T10:18:32:  ⚠ Found a change in next.config.js. Restarting the server to apply the changes...
2025-07-20T10:18:33:    ▲ Next.js 15.3.3 (Turbopack)
2025-07-20T10:18:33:    - Local:        http://localhost:3000
2025-07-20T10:18:33:    - Network:      http://169.254.0.21:3000
2025-07-20T10:18:33: 
2025-07-20T10:18:33:  ✓ Starting...
2025-07-20T10:18:33:  ⚠ Invalid next.config.js options detected: 
2025-07-20T10:18:33:  ⚠     Unrecognized key(s) in object: 'turbotrace' at "experimental"
2025-07-20T10:18:33:  ⚠ See more info here: https://nextjs.org/docs/messages/invalid-next-config
2025-07-20T10:18:35:  ✓ Ready in 1679ms
2025-07-20T10:18:35:  ⚠ Webpack is configured while Turbopack is not, which may cause problems.
2025-07-20T10:18:35:  ⚠ See instructions if you need to configure Turbopack:
2025-07-20T10:18:35:   https://nextjs.org/docs/app/api-reference/next-config-js/turbo
2025-07-20T10:18:35: 
2025-07-20T10:18:43:  ○ Compiling / ...
